Watching for file changes with StatReloader
declare 'pyexcel-io reader' plugin manager
declare 'pyexcel-io writer' plugin manager
declare 'pyexcel-io v2 writer' plugin manager
declare 'pyexcel-io v2 reader' plugin manager
scanning for plugins...
ignored pyexcel_io
found pyexcel_xls
add pyexcel_xlsx.xlsxr.XLSXBook as 'pyexcel-io v2 reader' plugin
load pyexcel_xlsx.xlsxr.XLSXBook later
add pyexcel_xlsx.xlsxr.XLSXBookInContent as 'pyexcel-io v2 reader' plugin
load pyexcel_xlsx.xlsxr.XLSXBookInContent later
add pyexcel_xlsx.xlsxw.XLSXWriter as 'pyexcel-io v2 writer' plugin
load pyexcel_xlsx.xlsxw.XLSXWriter later
found pyexcel_xlsx
add pyexcel_io.readers.csv_in_file.FileReader as 'pyexcel-io v2 reader' plugin
load pyexcel_io.readers.csv_in_file.FileReader later
add pyexcel_io.readers.csv_content.ContentReader as 'pyexcel-io v2 reader' plugin
load pyexcel_io.readers.csv_content.ContentReader later
add pyexcel_io.readers.csv_in_memory.MemoryReader as 'pyexcel-io v2 reader' plugin
load pyexcel_io.readers.csv_in_memory.MemoryReader later
add pyexcel_io.readers.csvz.FileReader as 'pyexcel-io v2 reader' plugin
load pyexcel_io.readers.csvz.FileReader later
add pyexcel_io.readers.csvz.ContentReader as 'pyexcel-io v2 reader' plugin
load pyexcel_io.readers.csvz.ContentReader later
found pyexcel_io.readers
add pyexcel_io.writers.csv_in_file.CsvFileWriter as 'pyexcel-io v2 writer' plugin
load pyexcel_io.writers.csv_in_file.CsvFileWriter later
add pyexcel_io.writers.csv_in_memory.CsvMemoryWriter as 'pyexcel-io v2 writer' plugin
load pyexcel_io.writers.csv_in_memory.CsvMemoryWriter later
add pyexcel_io.writers.csvz_writer.CsvZipWriter as 'pyexcel-io v2 writer' plugin
load pyexcel_io.writers.csvz_writer.CsvZipWriter later
found pyexcel_io.writers
add pyexcel_io.database.exporters.queryset.QueryReader as 'pyexcel-io v2 reader' plugin
load pyexcel_io.database.exporters.queryset.QueryReader later
add pyexcel_io.database.exporters.django.DjangoBookReader as 'pyexcel-io v2 reader' plugin
load pyexcel_io.database.exporters.django.DjangoBookReader later
add pyexcel_io.database.importers.django.DjangoBookWriter as 'pyexcel-io v2 writer' plugin
load pyexcel_io.database.importers.django.DjangoBookWriter later
add pyexcel_io.database.exporters.sqlalchemy.SQLBookReader as 'pyexcel-io v2 reader' plugin
load pyexcel_io.database.exporters.sqlalchemy.SQLBookReader later
add pyexcel_io.database.importers.sqlalchemy.SQLBookWriter as 'pyexcel-io v2 writer' plugin
load pyexcel_io.database.importers.sqlalchemy.SQLBookWriter later
found pyexcel_io.database
scanning done
add pyexcel_xls.xlsr.XLSInFile as 'pyexcel-io v2 reader' plugin
load pyexcel_xls.xlsr.XLSInFile later
add pyexcel_xls.xlsr.XLSInMemory as 'pyexcel-io v2 reader' plugin
load pyexcel_xls.xlsr.XLSInMemory later
add pyexcel_xls.xlsr.XLSInContent as 'pyexcel-io v2 reader' plugin
load pyexcel_xls.xlsr.XLSInContent later
add pyexcel_xls.xlsw.XLSWriter as 'pyexcel-io v2 writer' plugin
load pyexcel_xls.xlsw.XLSWriter later
Executing ICICI payment request
debugging ICICI payment request
Internal Server Error: /api/PayoutTransactionRequest/
Traceback (most recent call last):
  File "C:\Users\INDIA\AppData\Local\Programs\Python\Python39\lib\site-packages\django\core\handlers\exception.py", line 47, in inner
    response = get_response(request)
  File "C:\Users\INDIA\AppData\Local\Programs\Python\Python39\lib\site-packages\django\core\handlers\base.py", line 204, in _get_response
    response = response.render()
  File "C:\Users\INDIA\AppData\Local\Programs\Python\Python39\lib\site-packages\django\template\response.py", line 105, in render
    self.content = self.rendered_content
  File "C:\Users\INDIA\AppData\Local\Programs\Python\Python39\lib\site-packages\rest_framework\response.py", line 70, in rendered_content
    ret = renderer.render(self.data, accepted_media_type, context)
  File "C:\Users\INDIA\AppData\Local\Programs\Python\Python39\lib\site-packages\rest_framework\renderers.py", line 100, in render
    ret = json.dumps(
  File "C:\Users\INDIA\AppData\Local\Programs\Python\Python39\lib\site-packages\rest_framework\utils\json.py", line 25, in dumps
    return json.dumps(*args, **kwargs)
  File "C:\Users\INDIA\AppData\Local\Programs\Python\Python39\lib\json\__init__.py", line 234, in dumps
    return cls(
  File "C:\Users\INDIA\AppData\Local\Programs\Python\Python39\lib\json\encoder.py", line 199, in encode
    chunks = self.iterencode(o, _one_shot=True)
  File "C:\Users\INDIA\AppData\Local\Programs\Python\Python39\lib\json\encoder.py", line 257, in iterencode
    return _iterencode(o, 0)
  File "C:\Users\INDIA\AppData\Local\Programs\Python\Python39\lib\site-packages\rest_framework\utils\encoders.py", line 50, in default
    return obj.decode()
UnicodeDecodeError: 'utf-8' codec can't decode byte 0xf9 in position 1: invalid start byte
E:\sabpaisa\Sabpaisa-Payout\payout\settings.py changed, reloading.
Watching for file changes with StatReloader
declare 'pyexcel-io reader' plugin manager
declare 'pyexcel-io writer' plugin manager
declare 'pyexcel-io v2 writer' plugin manager
declare 'pyexcel-io v2 reader' plugin manager
scanning for plugins...
ignored pyexcel_io
found pyexcel_xls
add pyexcel_xlsx.xlsxr.XLSXBook as 'pyexcel-io v2 reader' plugin
load pyexcel_xlsx.xlsxr.XLSXBook later
add pyexcel_xlsx.xlsxr.XLSXBookInContent as 'pyexcel-io v2 reader' plugin
load pyexcel_xlsx.xlsxr.XLSXBookInContent later
add pyexcel_xlsx.xlsxw.XLSXWriter as 'pyexcel-io v2 writer' plugin
load pyexcel_xlsx.xlsxw.XLSXWriter later
found pyexcel_xlsx
add pyexcel_io.readers.csv_in_file.FileReader as 'pyexcel-io v2 reader' plugin
load pyexcel_io.readers.csv_in_file.FileReader later
add pyexcel_io.readers.csv_content.ContentReader as 'pyexcel-io v2 reader' plugin
load pyexcel_io.readers.csv_content.ContentReader later
add pyexcel_io.readers.csv_in_memory.MemoryReader as 'pyexcel-io v2 reader' plugin
load pyexcel_io.readers.csv_in_memory.MemoryReader later
add pyexcel_io.readers.csvz.FileReader as 'pyexcel-io v2 reader' plugin
load pyexcel_io.readers.csvz.FileReader later
add pyexcel_io.readers.csvz.ContentReader as 'pyexcel-io v2 reader' plugin
load pyexcel_io.readers.csvz.ContentReader later
found pyexcel_io.readers
add pyexcel_io.writers.csv_in_file.CsvFileWriter as 'pyexcel-io v2 writer' plugin
load pyexcel_io.writers.csv_in_file.CsvFileWriter later
add pyexcel_io.writers.csv_in_memory.CsvMemoryWriter as 'pyexcel-io v2 writer' plugin
load pyexcel_io.writers.csv_in_memory.CsvMemoryWriter later
add pyexcel_io.writers.csvz_writer.CsvZipWriter as 'pyexcel-io v2 writer' plugin
load pyexcel_io.writers.csvz_writer.CsvZipWriter later
found pyexcel_io.writers
add pyexcel_io.database.exporters.queryset.QueryReader as 'pyexcel-io v2 reader' plugin
load pyexcel_io.database.exporters.queryset.QueryReader later
add pyexcel_io.database.exporters.django.DjangoBookReader as 'pyexcel-io v2 reader' plugin
load pyexcel_io.database.exporters.django.DjangoBookReader later
add pyexcel_io.database.importers.django.DjangoBookWriter as 'pyexcel-io v2 writer' plugin
load pyexcel_io.database.importers.django.DjangoBookWriter later
add pyexcel_io.database.exporters.sqlalchemy.SQLBookReader as 'pyexcel-io v2 reader' plugin
load pyexcel_io.database.exporters.sqlalchemy.SQLBookReader later
add pyexcel_io.database.importers.sqlalchemy.SQLBookWriter as 'pyexcel-io v2 writer' plugin
load pyexcel_io.database.importers.sqlalchemy.SQLBookWriter later
found pyexcel_io.database
scanning done
add pyexcel_xls.xlsr.XLSInFile as 'pyexcel-io v2 reader' plugin
load pyexcel_xls.xlsr.XLSInFile later
add pyexcel_xls.xlsr.XLSInMemory as 'pyexcel-io v2 reader' plugin
load pyexcel_xls.xlsr.XLSInMemory later
add pyexcel_xls.xlsr.XLSInContent as 'pyexcel-io v2 reader' plugin
load pyexcel_xls.xlsr.XLSInContent later
add pyexcel_xls.xlsw.XLSWriter as 'pyexcel-io v2 writer' plugin
load pyexcel_xls.xlsw.XLSWriter later
E:\sabpaisa\Sabpaisa-Payout\payout\settings.py changed, reloading.
debugging ICICI payment request
debugging ICICI payment request
debugging ICICI payment request
debugging ICICI payment request
