Watching for file changes with StatReloader
Executing ICICI payment request
Internal Server Error: /api/PayoutTransactionRequest/
Traceback (most recent call last):
  File "C:\Users\INDIA\AppData\Local\Programs\Python\Python39\lib\site-packages\django\core\handlers\exception.py", line 47, in inner
    response = get_response(request)
  File "C:\Users\INDIA\AppData\Local\Programs\Python\Python39\lib\site-packages\django\core\handlers\base.py", line 204, in _get_response
    response = response.render()
  File "C:\Users\INDIA\AppData\Local\Programs\Python\Python39\lib\site-packages\django\template\response.py", line 105, in render
    self.content = self.rendered_content
  File "C:\Users\INDIA\AppData\Local\Programs\Python\Python39\lib\site-packages\rest_framework\response.py", line 70, in rendered_content
    ret = renderer.render(self.data, accepted_media_type, context)
  File "C:\Users\INDIA\AppData\Local\Programs\Python\Python39\lib\site-packages\rest_framework\renderers.py", line 100, in render
    ret = json.dumps(
  File "C:\Users\INDIA\AppData\Local\Programs\Python\Python39\lib\site-packages\rest_framework\utils\json.py", line 25, in dumps
    return json.dumps(*args, **kwargs)
  File "C:\Users\INDIA\AppData\Local\Programs\Python\Python39\lib\json\__init__.py", line 234, in dumps
    return cls(
  File "C:\Users\INDIA\AppData\Local\Programs\Python\Python39\lib\json\encoder.py", line 199, in encode
    chunks = self.iterencode(o, _one_shot=True)
  File "C:\Users\INDIA\AppData\Local\Programs\Python\Python39\lib\json\encoder.py", line 257, in iterencode
    return _iterencode(o, 0)
  File "C:\Users\INDIA\AppData\Local\Programs\Python\Python39\lib\site-packages\rest_framework\utils\encoders.py", line 50, in default
    return obj.decode()
UnicodeDecodeError: 'utf-8' codec can't decode byte 0xf9 in position 1: invalid start byte
E:\sabpaisa\Sabpaisa-Payout\payout\settings.py changed, reloading.
Watching for file changes with StatReloader
E:\sabpaisa\Sabpaisa-Payout\apis\view_api\payout.py changed, reloading.
Executing ICICI payment request
Executing ICICI payment request
Executing ICICI payment request
Executing ICICI payment request
Executing ICICI payment request
response >>> [('utf-8', b'\'\xf9\xb1)\xae}"4\x03\x9c\x1a\xd7tH\xe4\x8d\xb3\xbc\xed)\x06^\xb2(v\xcb\x7f\xcd\x01\xdez\x95Z\x19\xe9\xafRt{\xa5\xd52\x14\xd3\xb8\xa7WA\xc2C\xfd\x81/~\xb4_\xf4.f$\xf64\xfdI\xd2y\x82\xfb\x02\xba\xcd\xbf\x01', 1, 2, 'invalid start byte'), {}, False]
